<?xml version="1.0" encoding="UTF-8"?>
<!-- Generated by org.testng.reporters.JUnitReportReporter -->
<testsuite hostname="Max-Dobeck-SL-0465.local" name="com.yourcompany.Tests.FollowLinkTest" tests="2" failures="0" timestamp="9 Oct 2018 14:38:39 GMT" time="87.214" errors="0">
  <testcase name="verifyLinkTest" time="47.386" classname="com.yourcompany.Tests.FollowLinkTest"/>
  <testcase name="verifyLinkTest" time="39.828" classname="com.yourcompany.Tests.FollowLinkTest"/>
</testsuite> <!-- com.yourcompany.Tests.FollowLinkTest -->
