<?xml version="1.0" encoding="UTF-8"?>
<testsuite name="com.yourcompany.Tests.FollowLinkTest" tests="1" skipped="0" failures="0" errors="0" timestamp="2018-11-19T23:03:32" hostname="Max-Dobeck-SL-0465.local" time="8.059">
  <properties/>
  <testcase name="verifyLinkTest[0](public void com.yourcompany.Tests.FollowLinkTest.verifyLinkTest(java.lang.reflect.Method) throws java.net.MalformedURLException,org.openqa.selenium.InvalidElementStateException,java.rmi.UnexpectedException)" classname="com.yourcompany.Tests.FollowLinkTest" time="8.059"/>
  <system-out><![CDATA[]]></system-out>
  <system-err><![CDATA[]]></system-err>
</testsuite>
