<?xml version="1.0" encoding="UTF-8"?>
<!-- Generated by org.testng.reporters.JUnitReportReporter -->
<testsuite hostname="Max-Dobeck-SL-0465.local" name="com.yourcompany.Tests.FollowLinkTest" tests="1" failures="0" timestamp="19 Sep 2018 17:54:53 GMT" time="16.861" errors="0">
  <testcase name="verifyLinkTest" time="16.861" classname="com.yourcompany.Tests.FollowLinkTest"/>
</testsuite> <!-- com.yourcompany.Tests.FollowLinkTest -->
